<?xml version="1.0" encoding="UTF-8"?>
<!-- Generated by org.testng.reporters.JUnitReportReporter -->
<testsuite skipped="0" hostname="Lenovo-pc" name="com.crm.qa.tests.FrontPageTest" tests="6" failures="0" timestamp="01 Jan 2020 17:34:39 GMT" time="110.298" errors="0">
  <testcase name="frontPageTitleTest" time="20.615" classname="com.crm.qa.tests.FrontPageTest"/>
  <testcase name="tagLineTest" time="23.992" classname="com.crm.qa.tests.FrontPageTest"/>
  <testcase name="loginButtonDispplayedTest" time="10.373" classname="com.crm.qa.tests.FrontPageTest"/>
  <testcase name="signUpButtonDisplayedTest" time="11.135" classname="com.crm.qa.tests.FrontPageTest"/>
  <testcase name="loginRedirectTest" time="29.864" classname="com.crm.qa.tests.FrontPageTest"/>
  <testcase name="signUpRedirectTest" time="14.319" classname="com.crm.qa.tests.FrontPageTest"/>
</testsuite> <!-- com.crm.qa.tests.FrontPageTest -->
