<?xml version="1.0" encoding="UTF-8"?>
<!-- Generated by org.testng.reporters.JUnitReportReporter -->
<testsuite skipped="0" hostname="Lenovo-pc" name="com.crm.qa.tests.LoginPageTest" tests="6" failures="0" timestamp="28 Jan 2020 18:19:48 GMT" time="90.161" errors="0">
  <testcase name="testLoginPageTitle" time="13.391" classname="com.crm.qa.tests.LoginPageTest"/>
  <testcase name="testLoginButtonEnable" time="13.404" classname="com.crm.qa.tests.LoginPageTest"/>
  <testcase name="testClassicCRMDisplay" time="13.186" classname="com.crm.qa.tests.LoginPageTest"/>
  <testcase name="testClassicCRMRedirect" time="17.141" classname="com.crm.qa.tests.LoginPageTest"/>
  <testcase name="testForgetPassword" time="18.814" classname="com.crm.qa.tests.LoginPageTest"/>
  <testcase name="testvalidLoginCredential" time="14.225" classname="com.crm.qa.tests.LoginPageTest"/>
</testsuite> <!-- com.crm.qa.tests.LoginPageTest -->
