<?xml version="1.0" encoding="UTF-8"?>
<!-- Generated by org.testng.reporters.JUnitReportReporter -->
<testsuite skipped="0" hostname="Lenovo-pc" name="com.crm.qa.tests.LoginPageTest" tests="5" failures="0" timestamp="01 Jan 2020 18:07:44 GMT" time="97.795" errors="0">
  <testcase name="testLoginPageTitle" time="14.397" classname="com.crm.qa.tests.LoginPageTest"/>
  <testcase name="testLoginButtonEnable" time="20.600" classname="com.crm.qa.tests.LoginPageTest"/>
  <testcase name="testClassicCRMDisplay" time="16.136" classname="com.crm.qa.tests.LoginPageTest"/>
  <testcase name="testClassicCRMRedirect" time="28.494" classname="com.crm.qa.tests.LoginPageTest"/>
  <testcase name="testForgetPassword" time="18.168" classname="com.crm.qa.tests.LoginPageTest"/>
</testsuite> <!-- com.crm.qa.tests.LoginPageTest -->
