<?xml version="1.0" encoding="UTF-8"?>
<!-- Generated by org.testng.reporters.JUnitReportReporter -->
<testsuite skipped="0" hostname="Lenovo-pc" name="com.crm.qa.tests.FrontPageTest" tests="10" failures="0" timestamp="28 Jan 2020 18:19:48 GMT" time="102.294" errors="0">
  <testcase name="frontPageTitleTest" time="7.609" classname="com.crm.qa.tests.FrontPageTest"/>
  <testcase name="tagLineTest" time="8.119" classname="com.crm.qa.tests.FrontPageTest"/>
  <testcase name="tagLineDetailTest" time="10.934" classname="com.crm.qa.tests.FrontPageTest"/>
  <testcase name="loginButtonDispplayedTest" time="10.073" classname="com.crm.qa.tests.FrontPageTest"/>
  <testcase name="signUpButtonDisplayedTest" time="7.701" classname="com.crm.qa.tests.FrontPageTest"/>
  <testcase name="loginRedirectTest" time="16.044" classname="com.crm.qa.tests.FrontPageTest"/>
  <testcase name="signUpRedirectTest" time="11.234" classname="com.crm.qa.tests.FrontPageTest"/>
  <testcase name="sideSignUpRedirectTest" time="10.771" classname="com.crm.qa.tests.FrontPageTest"/>
  <testcase name="aboutRedirectTest" time="9.165" classname="com.crm.qa.tests.FrontPageTest"/>
  <testcase name="pricingRedirectTest" time="10.644" classname="com.crm.qa.tests.FrontPageTest"/>
</testsuite> <!-- com.crm.qa.tests.FrontPageTest -->
